{
  "RSpec": {
    "coverage": {
      "/vagrant/src/chessmate/spec/chessmate_spec.rb": [
        null,
        null,
        1,
        1,
        1,
        1,
        1,
        null,
        1,
        1,
        1,
        1,
        9,
        1,
        1,
        null,
        null,
        1,
        1,
        1,
        1,
        null,
        null,
        1,
        1,
        null,
        null,
        null,
        null,
        null,
        null,
        null,
        null,
        null,
        1,
        1,
        null,
        null,
        1,
        1,
        1,
        1,
        null,
        null,
        1,
        1,
        1,
        1,
        null,
        null,
        1,
        1,
        1,
        null,
        null,
        null,
        1,
        1,
        1,
        1,
        1,
        1,
        1,
        1,
        1,
        null,
        null,
        null,
        null,
        1,
        1,
        1,
        null,
        null,
        1,
        1,
        null,
        null,
        null,
        1,
        1,
        2,
        null,
        null,
        1,
        1,
        1,
        null,
        null,
        null,
        null,
        null,
        null,
        null,
        null,
        null,
        null,
        null,
        null,
        null,
        1,
        1,
        1,
        1,
        null,
        null,
        null,
        1,
        1,
        1,
        1,
        null,
        null,
        null,
        1,
        1,
        1,
        1,
        null,
        null,
        null,
        null,
        null,
        null,
        1,
        1,
        1,
        1,
        1,
        null,
        null,
        1,
        9,
        1,
        1,
        null,
        null,
        null,
        null,
        null,
        1,
        1,
        1,
        null,
        null,
        null,
        null,
        null,
        1,
        9,
        1,
        1,
        1,
        1,
        1,
        null,
        null,
        null,
        null,
        null,
        1,
        9,
        1,
        1,
        1,
        1,
        1,
        null,
        null,
        null,
        null,
        null,
        1,
        1,
        1,
        1,
        null,
        null,
        null,
        null,
        null,
        null,
        null,
        null,
        null,
        null,
        null,
        null,
        null,
        1,
        1,
        1,
        1,
        5,
        null,
        null,
        null,
        1,
        9,
        1,
        1,
        1,
        1,
        null,
        null,
        null,
        null,
        null,
        null,
        1,
        1,
        58,
        null,
        null,
        1,
        1,
        1,
        1,
        1,
        1,
        1,
        null,
        null,
        1,
        1,
        1,
        null,
        null,
        null,
        1,
        9,
        1,
        1,
        1,
        1,
        1,
        1,
        1,
        null,
        null,
        null,
        1,
        null,
        null,
        null,
        null,
        null,
        null,
        null,
        null,
        null,
        null,
        null,
        null,
        null,
        1,
        9,
        1,
        1,
        1,
        1,
        1,
        1,
        null,
        null,
        null,
        null,
        null,
        null,
        null,
        null,
        null,
        null,
        null,
        null,
        null,
        1,
        9,
        1,
        1,
        1,
        1,
        1,
        1,
        null,
        null,
        null,
        null,
        null,
        null,
        null,
        null,
        null,
        null,
        null,
        null,
        null,
        1,
        9,
        1,
        1,
        1,
        1,
        1,
        1,
        null,
        null,
        null,
        null,
        null,
        null,
        null,
        null,
        null,
        null,
        null,
        1,
        null,
        null,
        1,
        1,
        1,
        null,
        null,
        null,
        null,
        null,
        null,
        null,
        null,
        null,
        null,
        null,
        null,
        null,
        1,
        1,
        1,
        null,
        null,
        1,
        1,
        1,
        1,
        1,
        null,
        null,
        null,
        null,
        null,
        null,
        null,
        null,
        null,
        null,
        null,
        null,
        null,
        1,
        1,
        null,
        null,
        null,
        null,
        null,
        null,
        null,
        null,
        null,
        1,
        1,
        null,
        null,
        1,
        1,
        1,
        1,
        null,
        null,
        null,
        null,
        null,
        null,
        null,
        null,
        null,
        null,
        null,
        null,
        null,
        1,
        1,
        null,
        null,
        1,
        1,
        1,
        1,
        null,
        null,
        null,
        null,
        null,
        null,
        null,
        null,
        null,
        null,
        null,
        1,
        1,
        1,
        null,
        null,
        null,
        null,
        null,
        null,
        null,
        null,
        null,
        null,
        null,
        null,
        null,
        1,
        9,
        1,
        1,
        1,
        1,
        1,
        null,
        null,
        null,
        null,
        null,
        null,
        null,
        null,
        null,
        null,
        null,
        null,
        null,
        1,
        9,
        1,
        1,
        1,
        1,
        1,
        null,
        null,
        null,
        null,
        null,
        null,
        null,
        null,
        null,
        null,
        null,
        null,
        null,
        1,
        9,
        1,
        1,
        1,
        1,
        1,
        null,
        null,
        null,
        null,
        null,
        null,
        null,
        null,
        null,
        null,
        null,
        null,
        null,
        1,
        9,
        1,
        1,
        1,
        1,
        1,
        null,
        null,
        null,
        null,
        null,
        null,
        null,
        null,
        null,
        null,
        null,
        null,
        null,
        1,
        9,
        1,
        1,
        1,
        1,
        1,
        null,
        null,
        null,
        null,
        null,
        null,
        null,
        null,
        null,
        null,
        null,
        null,
        null,
        1,
        9,
        1,
        1,
        1,
        1,
        1,
        null,
        null,
        null,
        null,
        null,
        null,
        null,
        null,
        null,
        null,
        null,
        null,
        null,
        1,
        9,
        1,
        1,
        1,
        1,
        null,
        null,
        null,
        null,
        null,
        null,
        null,
        null,
        null,
        null,
        null,
        1,
        null,
        null,
        1,
        9,
        1,
        1,
        1,
        1,
        1,
        1,
        null,
        null,
        null,
        null,
        null,
        null,
        null,
        null,
        null,
        null,
        null,
        null,
        null,
        1,
        9,
        1,
        1,
        1,
        1,
        1,
        1,
        null,
        null,
        null,
        null,
        null,
        null,
        null,
        null,
        null,
        null,
        null,
        null,
        null,
        1,
        9,
        1,
        1,
        1,
        1,
        1,
        1,
        1,
        1,
        1,
        1,
        null,
        null,
        null,
        null,
        null,
        null,
        null,
        null,
        null,
        null,
        null,
        null,
        null,
        1,
        9,
        1,
        1,
        1,
        1,
        1,
        1,
        null,
        null,
        null,
        null,
        null,
        null,
        null,
        null,
        null,
        null,
        null,
        null,
        null,
        null,
        1,
        1,
        9,
        1,
        1,
        1,
        1,
        null,
        null,
        null,
        null,
        null,
        null,
        null,
        null,
        null,
        null,
        null,
        null,
        null,
        1,
        9,
        1,
        1,
        1,
        1,
        null,
        null,
        null,
        null,
        null,
        null,
        null,
        null,
        null,
        null,
        null,
        null,
        null,
        1,
        9,
        1,
        1,
        1,
        null,
        null,
        1,
        9,
        1,
        1,
        1,
        1,
        1,
        null,
        null,
        null,
        null,
        null,
        null,
        null,
        null,
        null,
        null,
        null,
        null,
        null,
        1,
        9,
        1,
        1,
        1,
        1,
        1,
        null,
        null,
        null,
        null,
        null,
        null,
        null,
        null,
        null,
        null,
        null,
        null,
        null,
        null,
        1,
        1,
        9,
        1,
        1,
        1,
        1,
        null,
        null,
        null,
        null,
        null,
        null,
        null,
        null,
        null,
        null,
        null,
        null,
        null,
        1,
        9,
        1,
        1,
        1,
        1,
        1,
        null,
        null,
        1,
        9,
        1,
        1,
        1,
        1,
        1,
        null,
        null,
        null,
        null,
        null,
        null,
        null,
        null,
        null,
        null,
        null,
        null,
        null,
        1,
        9,
        1,
        1,
        1,
        1,
        1,
        null,
        null,
        null,
        null,
        null,
        null,
        null,
        null,
        null,
        null,
        null,
        null,
        null,
        null,
        1,
        1,
        9,
        1,
        1,
        1,
        1,
        null,
        null,
        null,
        null,
        null,
        null,
        null,
        null,
        null,
        null,
        null,
        null,
        null,
        1,
        9,
        1,
        1,
        1,
        1,
        null,
        null,
        null,
        null,
        null,
        null,
        null,
        null,
        null,
        null,
        null,
        null,
        null,
        1,
        9,
        1,
        1,
        1,
        null,
        null,
        1,
        9,
        1,
        1,
        1,
        1,
        1,
        null,
        null,
        null,
        null,
        null,
        null,
        null,
        null,
        null,
        null,
        null,
        null,
        null,
        1,
        9,
        1,
        1,
        1,
        1,
        1,
        null,
        null,
        null,
        null,
        null,
        null,
        null,
        null,
        null,
        null,
        null,
        null,
        null,
        null,
        1,
        1,
        9,
        1,
        1,
        1,
        1,
        null,
        null,
        null,
        null,
        null,
        null,
        null,
        null,
        null,
        null,
        null,
        null,
        null,
        1,
        9,
        1,
        1,
        1,
        1,
        null,
        null,
        null,
        null,
        null,
        null,
        null,
        null,
        null,
        null,
        null,
        null,
        null,
        1,
        9,
        1,
        1,
        1,
        1,
        null,
        null,
        null,
        null,
        null,
        null,
        null,
        null,
        null,
        null,
        null,
        null,
        null,
        1,
        9,
        1,
        1,
        1,
        null,
        null,
        1,
        9,
        1,
        1,
        1,
        1,
        1,
        null,
        null,
        null,
        null,
        null,
        null,
        null,
        null,
        null,
        null,
        null,
        null,
        null,
        1,
        9,
        1,
        1,
        1,
        1,
        1,
        null,
        null,
        null,
        null,
        null,
        null,
        null,
        null,
        null,
        null,
        null,
        null,
        null,
        null,
        1,
        1,
        9,
        1,
        1,
        1,
        1,
        null,
        null,
        null,
        null,
        null,
        null,
        null,
        null,
        null,
        null,
        null,
        null,
        null,
        1,
        9,
        1,
        1,
        1,
        1,
        null,
        null,
        null,
        null,
        null,
        null,
        null,
        null,
        null,
        null,
        null,
        null,
        null,
        1,
        9,
        1,
        1,
        1,
        1,
        null,
        null,
        null,
        null,
        null,
        null,
        null,
        null,
        null,
        null,
        null,
        null,
        null,
        1,
        9,
        1,
        1,
        1,
        null,
        null,
        1,
        9,
        1,
        1,
        1,
        1,
        1,
        null,
        null,
        null,
        null,
        null,
        null,
        null,
        null,
        null,
        null,
        null,
        null,
        null,
        1,
        9,
        1,
        1,
        1,
        1,
        1,
        null,
        null,
        null,
        null,
        null,
        null,
        null,
        null,
        null,
        null,
        null,
        null,
        null,
        1,
        9,
        1,
        1,
        1,
        1,
        1,
        null,
        null,
        null,
        null,
        null,
        null,
        null,
        null,
        null,
        null,
        null,
        null,
        null,
        1,
        9,
        1,
        1,
        1,
        1,
        1,
        null,
        null,
        null,
        null,
        null,
        null,
        null,
        null,
        null,
        null,
        null,
        null,
        null,
        1,
        1,
        1,
        1,
        1,
        null,
        null,
        1,
        9,
        1,
        1,
        1,
        1,
        1,
        1,
        null,
        null,
        null,
        null,
        null,
        null,
        null,
        null,
        null,
        null,
        null,
        null,
        null,
        1,
        9,
        1,
        1,
        1,
        1,
        1,
        1,
        null,
        null,
        null,
        null,
        null,
        null,
        null,
        null,
        null,
        null,
        null,
        null,
        null,
        1,
        9,
        1,
        1,
        1,
        1,
        1,
        1,
        null,
        null,
        null,
        null,
        null,
        null,
        null,
        null,
        null,
        null,
        null,
        null,
        null,
        1,
        9,
        1,
        1,
        1,
        1,
        1,
        1,
        null,
        null,
        null,
        null,
        null,
        null,
        null,
        null,
        null,
        null,
        null,
        null,
        null,
        1,
        9,
        1,
        1,
        1,
        1,
        1,
        1,
        1,
        null,
        null,
        null,
        null,
        null,
        null,
        null,
        null,
        null,
        null,
        null,
        null,
        null,
        null,
        null,
        1,
        1,
        45,
        5,
        5,
        5,
        5,
        null,
        1,
        1,
        null,
        null,
        1,
        1,
        null,
        null,
        1,
        9,
        1,
        1,
        1,
        1,
        1,
        1,
        null,
        null,
        1,
        1,
        1,
        1,
        5,
        null,
        null,
        null,
        1,
        9,
        1,
        1,
        1,
        1,
        1,
        1,
        null,
        null,
        null,
        1,
        1,
        9,
        1,
        1,
        1,
        1,
        null,
        null,
        1,
        9,
        1,
        1,
        1,
        1,
        1,
        1,
        null,
        null,
        null,
        1,
        1,
        9,
        1,
        1,
        1,
        1,
        1,
        1,
        null,
        null,
        1,
        1,
        1,
        null,
        null,
        null,
        1,
        1,
        9,
        1,
        1,
        1,
        1,
        1,
        1,
        null,
        null,
        1,
        1,
        1,
        null,
        null,
        1,
        9,
        1,
        1,
        1,
        1,
        1,
        1,
        null,
        null,
        null,
        1,
        1,
        9,
        1,
        1,
        1,
        null,
        null,
        1,
        9,
        1,
        1,
        1,
        null,
        null,
        1,
        9,
        1,
        1,
        1,
        1,
        1,
        null,
        null,
        null,
        1,
        1,
        9,
        1,
        1,
        1,
        null,
        null,
        1,
        9,
        1,
        1,
        1,
        null,
        null,
        1,
        1,
        36,
        4,
        4,
        4,
        null,
        null,
        1,
        1,
        1,
        null,
        null,
        1,
        1,
        1,
        null,
        null,
        1,
        1,
        1,
        null,
        null,
        1,
        1,
        1,
        null,
        null,
        null,
        1,
        1,
        1,
        null,
        null,
        null,
        null,
        null,
        null,
        null,
        null,
        null,
        1,
        1,
        1,
        1,
        null,
        null,
        null,
        null,
        1,
        1,
        1,
        2,
        null,
        null,
        1,
        1,
        1,
        null,
        null,
        1,
        1,
        1,
        null,
        null,
        null,
        1,
        1,
        2,
        null,
        null,
        1,
        1,
        1,
        null,
        null,
        1,
        1,
        1,
        null,
        null,
        null,
        null,
        1,
        1,
        27,
        3,
        3,
        3,
        3,
        3,
        3,
        3,
        null,
        1,
        1,
        1,
        1,
        2,
        4,
        null,
        null,
        null,
        null,
        null,
        1,
        1,
        1,
        1,
        1,
        1,
        2,
        4,
        null,
        null,
        null,
        null,
        1,
        1,
        1,
        1,
        1,
        1,
        1,
        null,
        null,
        null,
        null
      ],
      "/vagrant/src/chessmate/lib/chessmate.rb": [
        null,
        null,
        1,
        null,
        1,
        1,
        1,
        1,
        1,
        1,
        1,
        1,
        1,
        1,
        null,
        1,
        null,
        null,
        null,
        null,
        null,
        null,
        null,
        null,
        1,
        null,
        null,
        null,
        null,
        null,
        null,
        null,
        null,
        333,
        333,
        333,
        333,
        333,
        333,
        null,
        333,
        330,
        3,
        3,
        null,
        0,
        null,
        333,
        333,
        null,
        null,
        1,
        114,
        114,
        114,
        114,
        114,
        114,
        null,
        114,
        null,
        114,
        null,
        50,
        50,
        3,
        3,
        null,
        null,
        20,
        40,
        null,
        20,
        2,
        2,
        2,
        null,
        null,
        16,
        13,
        13,
        null,
        null,
        null,
        114,
        null,
        114,
        2,
        2,
        null,
        null,
        114,
        null,
        114,
        53,
        53,
        null,
        null,
        114,
        114,
        null,
        114,
        114,
        null,
        null,
        1,
        264,
        264,
        null,
        264,
        2112,
        2112,
        null,
        null,
        264,
        264,
        null,
        264,
        264,
        2112,
        16896,
        null,
        1880,
        1880,
        676,
        1204,
        765,
        null,
        null,
        null,
        null,
        264,
        null,
        null,
        1,
        4275,
        null,
        4274,
        4274,
        null,
        4274,
        null,
        4271,
        4271,
        null,
        4271,
        4271,
        4271,
        null,
        4271,
        null,
        4269,
        4269,
        null,
        1844,
        null,
        1010,
        null,
        242,
        null,
        278,
        null,
        218,
        null,
        677,
        null,
        0,
        null,
        4269,
        149,
        149,
        null,
        null,
        4269,
        null,
        null,
        1,
        227,
        null,
        227,
        227,
        227,
        227,
        227,
        227,
        null,
        227,
        5,
        5,
        null,
        null,
        227,
        null,
        227,
        227,
        null,
        227,
        227,
        null,
        227,
        227,
        1816,
        null,
        null,
        227,
        null,
        136,
        null,
        136,
        929,
        7272,
        null,
        770,
        770,
        null,
        null,
        null,
        89,
        null,
        null,
        1,
        75,
        null,
        75,
        457,
        3485,
        null,
        55,
        55,
        247,
        1820,
        1820,
        73,
        null,
        null,
        null,
        null,
        null,
        39,
        null,
        null,
        1,
        71,
        71,
        null,
        null,
        1,
        2,
        2,
        null,
        null,
        1,
        54,
        54,
        54,
        54,
        54,
        null,
        null,
        1,
        7,
        7,
        null,
        7,
        7,
        null,
        5,
        null,
        1,
        null,
        1,
        null,
        1,
        null,
        2,
        null,
        0,
        null,
        null,
        5,
        5,
        null,
        5,
        null,
        5,
        5,
        null,
        null
      ],
      "/vagrant/src/chessmate/lib/helpers/notation_parser.rb": [
        null,
        null,
        1,
        1,
        8558,
        8558,
        null,
        8558,
        null,
        8555,
        null,
        null,
        1,
        5274,
        null,
        5274,
        null,
        5274,
        5274,
        5274,
        null,
        null
      ],
      "/vagrant/src/chessmate/lib/pieces/pawn.rb": [
        null,
        null,
        1,
        null,
        1,
        1,
        1844,
        null,
        1839,
        1839,
        1839,
        1839,
        null,
        1839,
        820,
        1019,
        1019,
        null,
        0,
        null,
        null,
        1839,
        1032,
        252,
        11,
        null,
        null,
        1828,
        null,
        1828,
        1828,
        null,
        1828,
        null,
        null,
        1,
        1844,
        1844,
        1844,
        1844,
        1844,
        null,
        1844,
        null,
        122,
        6,
        5,
        5,
        null,
        null,
        117,
        null,
        null,
        1,
        1640,
        1640,
        1640,
        null,
        null
      ],
      "/vagrant/src/chessmate/lib/pieces/piece.rb": [
        null,
        null,
        1,
        1,
        3307,
        3307,
        null,
        3307,
        null,
        212,
        212,
        220,
        220,
        null,
        null,
        108,
        null,
        3095,
        null,
        398,
        398,
        1094,
        1094,
        null,
        null,
        203,
        null,
        2697,
        null,
        227,
        227,
        null,
        227,
        276,
        276,
        276,
        null,
        null,
        164,
        null,
        null,
        null,
        null,
        1,
        3065,
        3065,
        3065,
        3065,
        null,
        3065,
        null,
        2304,
        2304,
        null,
        2304,
        null,
        null,
        1,
        1635,
        1635,
        null,
        1635,
        null,
        null
      ],
      "/vagrant/src/chessmate/lib/pieces/rook.rb": [
        null,
        null,
        1,
        null,
        1,
        1,
        1010,
        null,
        1010,
        842,
        null,
        758,
        null,
        null,
        null
      ],
      "/vagrant/src/chessmate/lib/pieces/bishop.rb": [
        null,
        null,
        1,
        null,
        1,
        1,
        242,
        null,
        242,
        242,
        241,
        null,
        null
      ],
      "/vagrant/src/chessmate/lib/pieces/knight.rb": [
        null,
        null,
        1,
        null,
        1,
        1,
        278,
        278,
        null,
        278,
        541,
        null,
        null
      ],
      "/vagrant/src/chessmate/lib/pieces/queen.rb": [
        null,
        null,
        1,
        null,
        1,
        1,
        218,
        null,
        218,
        215,
        null,
        214,
        null,
        null,
        null,
        null
      ],
      "/vagrant/src/chessmate/lib/pieces/king.rb": [
        null,
        null,
        1,
        1,
        null,
        1,
        1,
        677,
        118,
        null,
        null,
        677,
        674,
        56,
        null,
        null,
        null,
        1,
        118,
        118,
        null,
        118,
        null,
        21,
        21,
        21,
        null,
        21,
        null,
        19,
        19,
        null,
        8,
        8,
        16,
        null,
        15,
        15,
        15,
        15,
        15,
        null,
        3,
        null,
        null
      ],
      "/vagrant/src/chessmate/lib/helpers/default.rb": [
        null,
        null,
        1,
        null,
        null,
        null,
        null,
        null,
        null,
        null,
        null,
        null,
        null,
        null,
        null,
        null,
        null,
        null,
        null,
        null,
        null,
        null,
        null,
        null,
        null,
        null,
        null
      ],
      "/vagrant/src/chessmate/lib/helpers/chess_logger.rb": [
        null,
        null,
        1,
        1,
        null,
        1,
        1,
        81,
        81,
        null,
        81,
        null,
        72,
        72,
        72,
        72,
        72,
        72,
        72,
        72,
        null,
        null,
        1,
        72,
        4,
        null,
        null,
        68,
        68,
        68,
        null,
        68,
        null,
        null,
        1,
        9,
        null,
        null,
        1,
        null,
        1,
        68,
        68,
        68,
        null,
        68,
        544,
        4352,
        null,
        89,
        null,
        89,
        5,
        5,
        null,
        null,
        null,
        null,
        68,
        64,
        29,
        null,
        26,
        null,
        35,
        null,
        4,
        4,
        4,
        8,
        null,
        4,
        null,
        null,
        1,
        68,
        68,
        68,
        68,
        68,
        null,
        68,
        68,
        68,
        null,
        68,
        67,
        null,
        65,
        null,
        null
      ],
      "/vagrant/src/chessmate/spec/logger_spec.rb": [
        null,
        null,
        1,
        1,
        1,
        null,
        1,
        1,
        20,
        null,
        null,
        null,
        null,
        null,
        null,
        null,
        null,
        null,
        null,
        20,
        null,
        null,
        null,
        null,
        null,
        null,
        null,
        null,
        null,
        null,
        20,
        null,
        null,
        null,
        null,
        null,
        null,
        null,
        null,
        null,
        null,
        20,
        null,
        null,
        null,
        null,
        null,
        null,
        null,
        null,
        null,
        null,
        20,
        null,
        null,
        null,
        null,
        null,
        null,
        null,
        null,
        null,
        null,
        null,
        1,
        1,
        1,
        1,
        null,
        null,
        1,
        1,
        1,
        null,
        null,
        1,
        1,
        1,
        null,
        null,
        null,
        1,
        1,
        1,
        1,
        null,
        null,
        1,
        1,
        1,
        null,
        null,
        null,
        1,
        1,
        1,
        1,
        null,
        null,
        1,
        1,
        1,
        null,
        null,
        null,
        1,
        1,
        1,
        1,
        null,
        null,
        1,
        1,
        1,
        null,
        null,
        null,
        1,
        1,
        1,
        1,
        null,
        null,
        1,
        1,
        1,
        null,
        null,
        null,
        1,
        1,
        1,
        1,
        null,
        null,
        1,
        1,
        1,
        null,
        null,
        1,
        1,
        1,
        null,
        null,
        1,
        1,
        1,
        null,
        null,
        null,
        1,
        1,
        1,
        1,
        null,
        null,
        1,
        1,
        1,
        null,
        null,
        1,
        1,
        4,
        4,
        null,
        null,
        null,
        null,
        1,
        1,
        1,
        1,
        null,
        null,
        1,
        1,
        1,
        null,
        null,
        null
      ],
      "/vagrant/src/chessmate/spec/notation_parser_spec.rb": [
        null,
        null,
        1,
        1,
        null,
        1,
        1,
        null,
        null,
        null,
        null,
        null,
        null,
        null,
        null,
        null,
        null,
        1,
        1,
        10,
        10,
        10,
        10,
        null,
        10,
        null,
        null,
        null,
        null,
        null,
        null,
        1,
        1,
        1,
        10,
        10,
        10,
        10,
        10,
        10,
        10,
        null,
        null,
        null,
        null
      ],
      "/vagrant/src/chessmate/spec/piece_spec.rb": [
        null,
        null,
        1,
        1,
        null,
        1,
        1,
        1,
        9,
        1,
        1,
        1,
        null,
        null,
        1,
        9,
        1,
        1,
        1,
        null,
        null,
        1,
        9,
        1,
        1,
        1,
        null,
        null,
        1,
        9,
        1,
        1,
        1,
        1,
        null,
        null,
        1,
        9,
        1,
        1,
        1,
        1,
        null,
        null,
        1,
        9,
        1,
        1,
        1,
        1,
        null,
        null,
        1,
        9,
        1,
        1,
        1,
        1,
        null,
        9,
        1,
        1,
        1,
        1,
        null,
        9,
        1,
        1,
        1,
        1,
        null,
        null,
        null,
        1,
        1,
        9,
        1,
        1,
        1,
        1,
        null,
        null,
        null,
        1,
        1,
        9,
        1,
        1,
        1,
        null,
        null,
        1,
        9,
        1,
        1,
        null,
        null,
        null
      ]
    },
    "timestamp": 1577214600
  }
}
